<?xml version="1.0" encoding="UTF-8"?>
<!-- Generated by org.testng.reporters.JUnitReportReporter -->
<testsuite hostname="LAPTOP-M13O2IOQ" failures="0" tests="3" name="demo_tng.Assertions" time="13.002" errors="0" timestamp="2023-03-19T11:15:11 IST" skipped="0">
  <testcase classname="demo_tng.Assertions" name="nullu" time="0.004"/>
  <system-out/>
  <testcase classname="demo_tng.Assertions" name="asserts" time="12.986"/>
  <system-out/>
  <testcase classname="demo_tng.Assertions" name="ass" time="0.012"/>
  <system-out/>
</testsuite> <!-- demo_tng.Assertions -->
