<?xml version="1.0" encoding="UTF-8"?>
<!-- Generated by org.testng.reporters.JUnitReportReporter -->
<testsuite hostname="LAPTOP-M13O2IOQ" failures="0" tests="4" name="demo_tng.grouping" time="0.014" errors="0" timestamp="2023-03-19T10:30:05 IST" skipped="0">
  <testcase classname="demo_tng.grouping" name="browser" time="0.001"/>
  <system-out/>
  <testcase classname="demo_tng.grouping" name="Addtocart" time="0.008"/>
  <system-out/>
  <testcase classname="demo_tng.grouping" name="Payment" time="0.002"/>
  <system-out/>
  <testcase classname="demo_tng.grouping" name="Login" time="0.003"/>
  <system-out/>
</testsuite> <!-- demo_tng.grouping -->
