<?xml version="1.0" encoding="UTF-8"?>
<!-- Generated by org.testng.reporters.JUnitReportReporter -->
<testsuite hostname="LAPTOP-M13O2IOQ" failures="0" tests="2" name="demo_tng.Tng" time="0.015" errors="0" timestamp="2023-03-17T21:05:58 IST" skipped="0">
  <testcase classname="demo_tng.Tng" name="t1" time="0.012"/>
  <system-out/>
  <testcase classname="demo_tng.Tng" name="t2" time="0.003"/>
  <system-out/>
</testsuite> <!-- demo_tng.Tng -->
