<?xml version="1.0" encoding="UTF-8"?>
<!-- Generated by org.testng.reporters.JUnitReportReporter -->
<testsuite hostname="LAPTOP-M13O2IOQ" failures="0" tests="2" name="demo_tng.depndson" time="19.526" errors="0" timestamp="2023-03-17T22:54:17 IST" skipped="0">
  <testcase classname="demo_tng.depndson" name="functions" time="3.769"/>
  <system-out/>
  <testcase classname="demo_tng.depndson" name="Search" time="15.757"/>
  <system-out/>
</testsuite> <!-- demo_tng.depndson -->
